Apr-21 16:25:25.932 [main] DEBUG nextflow.cli.Launcher - $> nextflow main.nf -profile standard
Apr-21 16:25:26.037 [main] INFO  nextflow.cli.CmdRun - N E X T F L O W  ~  version 21.04.3
Apr-21 16:25:26.054 [main] INFO  nextflow.cli.CmdRun - Launching `main.nf` [nasty_fourier] - revision: 7d4ef763e3
Apr-21 16:25:26.065 [main] DEBUG nextflow.config.ConfigBuilder - Found config local: /home/tom/RECIPIENT/nextflow.config
Apr-21 16:25:26.065 [main] DEBUG nextflow.config.ConfigBuilder - Parsing config file: /home/tom/RECIPIENT/nextflow.config
Apr-21 16:25:26.081 [main] DEBUG nextflow.config.ConfigBuilder - Applying config profile: `standard`
Apr-21 16:25:26.684 [main] DEBUG nextflow.plugin.PluginsFacade - Setting up plugin manager > mode=prod; plugins-dir=/home/tom/.nextflow/plugins
Apr-21 16:25:26.685 [main] DEBUG nextflow.plugin.PluginsFacade - Plugins default=[]
Apr-21 16:25:26.686 [main] DEBUG nextflow.plugin.PluginsFacade - Plugins local root: .nextflow/plr/empty
Apr-21 16:25:26.691 [main] INFO  org.pf4j.DefaultPluginStatusProvider - Enabled plugins: []
Apr-21 16:25:26.692 [main] INFO  org.pf4j.DefaultPluginStatusProvider - Disabled plugins: []
Apr-21 16:25:26.694 [main] INFO  org.pf4j.DefaultPluginManager - PF4J version 3.4.1 in 'deployment' mode
Apr-21 16:25:26.701 [main] INFO  org.pf4j.AbstractPluginManager - No plugins
Apr-21 16:25:26.734 [main] DEBUG nextflow.Session - Session uuid: 24277549-6f78-479b-a30a-d1b84154fe2b
Apr-21 16:25:26.734 [main] DEBUG nextflow.Session - Run name: nasty_fourier
Apr-21 16:25:26.734 [main] DEBUG nextflow.Session - Executor pool size: 12
Apr-21 16:25:26.741 [main] DEBUG nextflow.cli.CmdRun - 
  Version: 21.04.3 build 5560
  Created: 21-07-2021 15:09 UTC (16:09 BST)
  System: Linux 5.13.0-39-generic
  Runtime: Groovy 3.0.7 on OpenJDK 64-Bit Server VM 1.8.0_152-release-1056-b12
  Encoding: UTF-8 (UTF-8)
  Process: 122552@tom-work-laptop [127.0.1.1]
  CPUs: 12 - Mem: 31 GB (14 GB) - Swap: 2 GB (464.2 MB)
Apr-21 16:25:26.753 [main] DEBUG nextflow.Session - Work-dir: /home/tom/RECIPIENT/work [ext2/ext3]
Apr-21 16:25:26.753 [main] DEBUG nextflow.Session - Script base path does not exist or is not a directory: /home/tom/RECIPIENT/bin
Apr-21 16:25:26.761 [main] DEBUG nextflow.executor.ExecutorFactory - Extension executors providers=[]
Apr-21 16:25:26.769 [main] DEBUG nextflow.Session - Observer factory: DefaultObserverFactory
Apr-21 16:25:26.858 [main] DEBUG nextflow.Session - Session start invoked
Apr-21 16:25:26.987 [main] DEBUG nextflow.script.ScriptRunner - > Launching execution
Apr-21 16:25:27.215 [main] DEBUG nextflow.Session - Workflow process names [dsl2]: kraken, kmer_distance
Apr-21 16:25:27.298 [main] DEBUG nextflow.script.ProcessConfig - Config settings `withLabel:multithreaded` matches label `multithreaded` for process with name qc:kmer_distance
Apr-21 16:25:27.301 [main] DEBUG nextflow.executor.ExecutorFactory - << taskConfig executor: null
Apr-21 16:25:27.301 [main] DEBUG nextflow.executor.ExecutorFactory - >> processorType: 'local'
Apr-21 16:25:27.304 [main] DEBUG nextflow.executor.Executor - [warm up] executor > local
Apr-21 16:25:27.308 [main] DEBUG n.processor.LocalPollingMonitor - Creating local task monitor for executor 'local' > cpus=12; memory=31 GB; capacity=12; pollInterval=100ms; dumpInterval=5m
Apr-21 16:25:27.364 [main] DEBUG nextflow.executor.ExecutorFactory - << taskConfig executor: null
Apr-21 16:25:27.364 [main] DEBUG nextflow.executor.ExecutorFactory - >> processorType: 'local'
Apr-21 16:25:27.366 [main] DEBUG nextflow.Session - Ignite dataflow network (3)
Apr-21 16:25:27.371 [main] DEBUG nextflow.processor.TaskProcessor - Starting process > qc:kmer_distance
Apr-21 16:25:27.372 [main] DEBUG nextflow.processor.TaskProcessor - Starting process > qc:kraken
Apr-21 16:25:27.372 [main] DEBUG nextflow.script.ScriptRunner - > Await termination 
Apr-21 16:25:27.372 [main] DEBUG nextflow.Session - Session await
Apr-21 16:25:27.373 [PathVisitor-1] DEBUG nextflow.file.PathVisitor - files for syntax: glob; folder: input/; pattern: *.fasta; options: [:]
Apr-21 16:25:27.540 [Task submitter] DEBUG nextflow.executor.LocalTaskHandler - Launch cmd line: /bin/bash -ue .command.run
Apr-21 16:25:27.544 [Task submitter] INFO  nextflow.Session - [d0/5fd5ea] Submitted process > qc:kraken (10)
Apr-21 16:25:27.547 [Task submitter] DEBUG nextflow.executor.LocalTaskHandler - Launch cmd line: /bin/bash -ue .command.run
Apr-21 16:25:27.547 [Task submitter] INFO  nextflow.Session - [62/fd1177] Submitted process > qc:kraken (4)
Apr-21 16:25:27.552 [Task submitter] DEBUG nextflow.executor.LocalTaskHandler - Launch cmd line: /bin/bash -ue .command.run
Apr-21 16:25:27.553 [Task submitter] INFO  nextflow.Session - [3f/8dd8fa] Submitted process > qc:kraken (6)
Apr-21 16:25:27.555 [Task submitter] DEBUG nextflow.executor.LocalTaskHandler - Launch cmd line: /bin/bash -ue .command.run
Apr-21 16:25:27.555 [Task submitter] INFO  nextflow.Session - [27/96ac14] Submitted process > qc:kraken (8)
Apr-21 16:25:27.558 [Task submitter] DEBUG nextflow.executor.LocalTaskHandler - Launch cmd line: /bin/bash -ue .command.run
Apr-21 16:25:27.558 [Task submitter] INFO  nextflow.Session - [55/9daff7] Submitted process > qc:kraken (2)
Apr-21 16:25:27.561 [Task submitter] DEBUG nextflow.executor.LocalTaskHandler - Launch cmd line: /bin/bash -ue .command.run
Apr-21 16:25:27.562 [Task submitter] INFO  nextflow.Session - [f9/bd503f] Submitted process > qc:kraken (5)
Apr-21 16:25:27.565 [Task submitter] DEBUG nextflow.executor.LocalTaskHandler - Launch cmd line: /bin/bash -ue .command.run
Apr-21 16:25:27.565 [Task submitter] INFO  nextflow.Session - [db/8b9bdd] Submitted process > qc:kraken (15)
Apr-21 16:25:27.569 [Task submitter] DEBUG nextflow.executor.LocalTaskHandler - Launch cmd line: /bin/bash -ue .command.run
Apr-21 16:25:27.574 [Task submitter] INFO  nextflow.Session - [69/2ee3b3] Submitted process > qc:kraken (7)
Apr-21 16:25:27.577 [Task submitter] DEBUG nextflow.executor.LocalTaskHandler - Launch cmd line: /bin/bash -ue .command.run
Apr-21 16:25:27.578 [Task submitter] INFO  nextflow.Session - [52/513293] Submitted process > qc:kraken (9)
Apr-21 16:25:27.580 [Task submitter] DEBUG nextflow.executor.LocalTaskHandler - Launch cmd line: /bin/bash -ue .command.run
Apr-21 16:25:27.582 [Task submitter] INFO  nextflow.Session - [12/7d4fca] Submitted process > qc:kraken (1)
Apr-21 16:25:27.585 [Task submitter] DEBUG nextflow.executor.LocalTaskHandler - Launch cmd line: /bin/bash -ue .command.run
Apr-21 16:25:27.593 [Task submitter] INFO  nextflow.Session - [69/09d159] Submitted process > qc:kraken (3)
Apr-21 16:25:27.598 [Task submitter] DEBUG nextflow.executor.LocalTaskHandler - Launch cmd line: /bin/bash -ue .command.run
Apr-21 16:25:27.598 [Task submitter] INFO  nextflow.Session - [e4/72f490] Submitted process > qc:kraken (11)
Apr-21 16:25:37.710 [Task monitor] DEBUG n.processor.TaskPollingMonitor - Task completed > TaskHandler[id: 7; name: qc:kraken (3); status: COMPLETED; exit: 137; error: -; workDir: /home/tom/RECIPIENT/work/69/09d159031f70c584aab8117673d9b6]
Apr-21 16:25:37.740 [Task submitter] DEBUG nextflow.executor.LocalTaskHandler - Launch cmd line: /bin/bash -ue .command.run
Apr-21 16:25:37.744 [Task submitter] INFO  nextflow.Session - [e0/e3ab1b] Submitted process > qc:kraken (12)
Apr-21 16:25:37.920 [Task monitor] ERROR nextflow.processor.TaskProcessor - Error executing process > 'qc:kraken (3)'

Caused by:
  Process `qc:kraken (3)` terminated with an error exit status (137)

Command executed:

  kraken2 --db /home/tom/RECIPIENT/kraken_db  --report SAL_IA9400AA_AS.scaffold_kraken.report SAL_IA9400AA_AS.scaffold.fasta

Command exit status:
  137

Command output:
  (empty)

Command error:
  Loading database information....command.sh: line 2: 122845 Killed                  kraken2 --db /home/tom/RECIPIENT/kraken_db --report SAL_IA9400AA_AS.scaffold_kraken.report SAL_IA9400AA_AS.scaffold.fasta

Work dir:
  /home/tom/RECIPIENT/work/69/09d159031f70c584aab8117673d9b6

Tip: when you have fixed the problem you can continue the execution adding the option `-resume` to the run command line
Apr-21 16:25:38.928 [Task monitor] DEBUG nextflow.Session - Session aborted -- Cause: Process `qc:kraken (3)` terminated with an error exit status (137)
Apr-21 16:25:39.065 [main] DEBUG nextflow.Session - Session await > all process finished
Apr-21 16:25:39.066 [main] DEBUG nextflow.Session - Session await > all barriers passed
Apr-21 16:25:39.134 [main] WARN  n.processor.TaskPollingMonitor - Killing pending tasks (12)
Apr-21 16:25:40.698 [main] DEBUG nextflow.executor.LocalTaskHandler - Unable to kill qc:kraken (7) -- command: kill -TERM 122744; exit: 1 
 bash: line 0: kill: (122744) - No such process

Apr-21 16:25:40.760 [main] DEBUG nextflow.trace.WorkflowStatsObserver - Workflow completed > WorkflowStats[succeededCount=0; failedCount=1; ignoredCount=0; cachedCount=0; pendingCount=302; submittedCount=1; runningCount=0; retriesCount=0; abortedCount=11; succeedDuration=0ms; failedDuration=10.1s; cachedDuration=0ms;loadCpus=-1; loadMemory=0; peakRunning=12; peakCpus=12; peakMemory=0; ]
Apr-21 16:25:40.873 [main] DEBUG nextflow.CacheDB - Closing CacheDB done
Apr-21 16:25:40.925 [main] DEBUG nextflow.script.ScriptRunner - > Execution complete -- Goodbye
